<?xml version="1.0" encoding="UTF-8"?>
<!-- Generated by org.testng.reporters.JUnitReportReporter -->
<testsuite hostname="EC2AMAZ-S11DBRH" failures="0" tests="2" name="runners.GooglePageRunner" time="12.215" errors="0" timestamp="2023-12-15T07:43:42 GMT" skipped="0">
  <testcase classname="runners.GooglePageRunner" name="runScenario" time="5.603"/>
  <system-out/>
  <testcase classname="runners.GooglePageRunner" name="runScenario" time="6.612"/>
  <system-out/>
</testsuite> <!-- runners.GooglePageRunner -->
